<?xml version="1.0" encoding="UTF-8"?>
<!-- Generated by org.testng.reporters.JUnitXMLReporter -->
<testsuite ignored="1" hostname="SIddu" failures="1" tests="5" name="Test" time="42.693" errors="0" timestamp="2023-02-21T00:11:14 IST">
  <testcase classname="com.Ninja.QATestcases.tC_TestScripts_SearchTestCase" name="Verify_Searchingwith_a_existing_Product_Name" time="1.401"/>
  <testcase classname="com.Ninja.QATestcases.tC_TestScripts_SearchTestCase" name="Verify_Searchingwith_a_non_existing_Product_Name" time="0.763"/>
  <testcase classname="com.Ninja.QATestcases.tC_TestScripts_SearchTestCase" name="Verify_Searchingwithout_giving_Product_Name" time="0.533">
    <failure type="java.lang.AssertionError" message="Not getting the Error Msg for Non Existing Product expected [There is no product that] but found [There is no product that matches the search criteria.]">
      <![CDATA[java.lang.AssertionError: Not getting the Error Msg for Non Existing Product expected [There is no product that] but found [There is no product that matches the search criteria.]
at com.Ninja.QATestcases.tC_TestScripts_SearchTestCase.Verify_Searchingwithout_giving_Product_Name(tC_TestScripts_SearchTestCase.java:92)
at java.base/java.util.ArrayList.forEach(ArrayList.java:1511)
... Removed 32 stack frames]]>
    </failure>
  </testcase> <!-- Verify_Searchingwithout_giving_Product_Name -->
  <testcase classname="com.Ninja.QATestcases.tC_TestScripts_LoginTestCases" name="LoginUsingInvalidCredentials" time="0.876"/>
  <testcase classname="com.Ninja.QATestcases.tC_TestScripts_LoginTestCases" name="ExceededAllowedAttempts" time="2.582"/>
  <testcase classname="com.Ninja.QATestcases.tC_TestScripts_LoginTestCases" name="LoginUsingValidCredentials" time="0.0">
    <ignored/>
  </testcase> <!-- LoginUsingValidCredentials -->
</testsuite> <!-- Test -->
