<?xml version="1.0" encoding="UTF-8"?>
<!-- Generated by org.testng.reporters.JUnitXMLReporter -->
<testsuite ignored="1" hostname="SIddu" failures="1" tests="5" name="Test" time="31.856" errors="0" timestamp="2023-02-24T13:44:40 IST">
  <testcase classname="com.Ninja.QATestcases.tC_TestScripts_SearchTestCasetest" name="Verify_Searchingwith_a_existing_Product_Name" time="0.537"/>
  <testcase classname="com.Ninja.QATestcases.tC_TestScripts_SearchTestCasetest" name="Verify_Searchingwith_a_non_existing_Product_Name" time="0.69"/>
  <testcase classname="com.Ninja.QATestcases.tC_TestScripts_SearchTestCasetest" name="Verify_Searchingwithout_giving_Product_Name" time="0.588">
    <failure type="java.lang.AssertionError" message="Not getting the Error Msg for Non Existing Product expected [There is no product that] but found [There is no product that matches the search criteria.]">
      <![CDATA[java.lang.AssertionError: Not getting the Error Msg for Non Existing Product expected [There is no product that] but found [There is no product that matches the search criteria.]
at com.Ninja.QATestcases.tC_TestScripts_SearchTestCasetest.Verify_Searchingwithout_giving_Product_Name(tC_TestScripts_SearchTestCasetest.java:92)
at java.base/java.util.ArrayList.forEach(ArrayList.java:1541)
... Removed 36 stack frames]]>
    </failure>
  </testcase> <!-- Verify_Searchingwithout_giving_Product_Name -->
  <testcase classname="com.Ninja.QATestcases.tC_TestScripts_LoginTestCasestest" name="LoginUsingInvalidCredentials" time="0.814"/>
  <testcase classname="com.Ninja.QATestcases.tC_TestScripts_LoginTestCasestest" name="ExceededAllowedAttempts" time="2.515"/>
  <testcase classname="com.Ninja.QATestcases.tC_TestScripts_LoginTestCasestest" name="LoginUsingValidCredentials" time="0.0">
    <ignored/>
  </testcase> <!-- LoginUsingValidCredentials -->
</testsuite> <!-- Test -->
